[0]  2023-05-10 13:34:15,538 libensemble.libE (INFO): Logger initializing: [workerID] precedes each line. [0] = Manager
[0]  2023-05-10 13:34:15,538 libensemble.libE (INFO): libE version v0.9.3
[0]  2023-05-10 13:34:15,541 libensemble.manager (INFO): Manager initiated on node Razer_Blazer
[0]  2023-05-10 13:34:15,541 libensemble.manager (INFO): Manager exit_criteria: {'sim_max': 2000}
[1]  2023-05-10 13:34:20,493 libensemble.worker (INFO): Worker 1 initiated on node Razer_Blazer
[2]  2023-05-10 13:34:20,608 libensemble.worker (INFO): Worker 2 initiated on node Razer_Blazer
[3]  2023-05-10 13:34:20,720 libensemble.worker (INFO): Worker 3 initiated on node Razer_Blazer
[0]  2023-05-10 13:35:14,989 libensemble.manager (ERROR): ---- Received error message from worker 1 ----
[0]  2023-05-10 13:35:14,989 libensemble.manager (ERROR): Message: libensemble.gen_funcs.aposmm_localopt_support.APOSMMException: NLopt roundoff-limited
[0]  2023-05-10 13:35:14,989 libensemble.manager (ERROR): Traceback (most recent call last):
  File "C:\Users\Administrator\anaconda3\lib\site-packages\libensemble\worker.py", line 347, in run
    response = self._handle(Work)
  File "C:\Users\Administrator\anaconda3\lib\site-packages\libensemble\worker.py", line 302, in _handle
    calc_out, persis_info, calc_status = self._handle_calc(Work, calc_in)
  File "C:\Users\Administrator\anaconda3\lib\site-packages\libensemble\worker.py", line 228, in _handle_calc
    out = calc(calc_in, Work["persis_info"], Work["libE_info"])
  File "C:\Users\Administrator\anaconda3\lib\site-packages\libensemble\utils\runners.py", line 56, in run_gen
    return result(calc_in, persis_info, self.gen_specs, libE_info, self.gen_f)
  File "C:\Users\Administrator\anaconda3\lib\site-packages\libensemble\utils\runners.py", line 65, in _normal_result
    return user_f(calc_in, persis_info, specs, libE_info)
  File "C:\Users\Administrator\anaconda3\lib\site-packages\libensemble\gen_funcs\persistent_aposmm.py", line 187, in aposmm
    x_new = local_opters[child_idx].iterate(row[fields_to_pass])
  File "C:\Users\Administrator\anaconda3\lib\site-packages\libensemble\gen_funcs\aposmm_localopt_support.py", line 152, in iterate
    raise APOSMMException(x_new.x)
libensemble.gen_funcs.aposmm_localopt_support.APOSMMException: NLopt roundoff-limited

[0]  2023-05-10 13:35:14,991 libensemble.libE (ERROR): Manager exception raised .. aborting ensemble:
[0]  2023-05-10 13:35:14,991 libensemble.libE (ERROR): Dumping ensemble history with 601 sims evaluated:
